2023-04-25 17:11:33.231  INFO 84425 --- [main] c.m.d.DroneDeliveryApplication           : Starting DroneDeliveryApplication using Java 16.0.2 on pavilion with PID 84425 (/home/warren/Documents/drone_delivery_musalasoft/target/classes started by warren in /home/warren/Documents/drone_delivery_musalasoft)
2023-04-25 17:11:33.234  INFO 84425 --- [main] c.m.d.DroneDeliveryApplication           : No active profile set, falling back to 1 default profile: "default"
2023-04-25 17:11:33.965  INFO 84425 --- [main] .s.d.r.c.RepositoryConfigurationDelegate : Bootstrapping Spring Data JPA repositories in DEFAULT mode.
2023-04-25 17:11:34.032  INFO 84425 --- [main] .s.d.r.c.RepositoryConfigurationDelegate : Finished Spring Data repository scanning in 60 ms. Found 2 JPA repository interfaces.
2023-04-25 17:11:34.537  INFO 84425 --- [main] o.s.b.w.embedded.tomcat.TomcatWebServer  : Tomcat initialized with port(s): 8088 (http)
2023-04-25 17:11:34.546  INFO 84425 --- [main] o.apache.catalina.core.StandardService   : Starting service [Tomcat]
2023-04-25 17:11:34.546  INFO 84425 --- [main] org.apache.catalina.core.StandardEngine  : Starting Servlet engine: [Apache Tomcat/9.0.74]
2023-04-25 17:11:34.653  INFO 84425 --- [main] o.a.c.c.C.[Tomcat].[localhost].[/]       : Initializing Spring embedded WebApplicationContext
2023-04-25 17:11:34.654  INFO 84425 --- [main] w.s.c.ServletWebServerApplicationContext : Root WebApplicationContext: initialization completed in 1256 ms
2023-04-25 17:11:34.834  INFO 84425 --- [main] o.hibernate.jpa.internal.util.LogHelper  : HHH000204: Processing PersistenceUnitInfo [name: default]
2023-04-25 17:11:34.882  INFO 84425 --- [main] org.hibernate.Version                    : HHH000412: Hibernate ORM core version 5.6.15.Final
2023-04-25 17:11:35.093  INFO 84425 --- [main] o.hibernate.annotations.common.Version   : HCANN000001: Hibernate Commons Annotations {5.1.2.Final}
2023-04-25 17:11:35.200  INFO 84425 --- [main] com.zaxxer.hikari.HikariDataSource       : HikariPool-1 - Starting...
2023-04-25 17:11:35.786  INFO 84425 --- [main] com.zaxxer.hikari.HikariDataSource       : HikariPool-1 - Start completed.
2023-04-25 17:11:35.807  INFO 84425 --- [main] org.hibernate.dialect.Dialect            : HHH000400: Using dialect: org.hibernate.dialect.MySQL8Dialect
2023-04-25 17:11:44.013  INFO 84425 --- [main] o.h.e.t.j.p.i.JtaPlatformInitiator       : HHH000490: Using JtaPlatform implementation: [org.hibernate.engine.transaction.jta.platform.internal.NoJtaPlatform]
2023-04-25 17:11:44.038  INFO 84425 --- [main] j.LocalContainerEntityManagerFactoryBean : Initialized JPA EntityManagerFactory for persistence unit 'default'
2023-04-25 17:11:44.412  WARN 84425 --- [main] ConfigServletWebServerApplicationContext : Exception encountered during context initialization - cancelling refresh attempt: org.springframework.beans.factory.UnsatisfiedDependencyException: Error creating bean with name 'droneController' defined in file [/home/warren/Documents/drone_delivery_musalasoft/target/classes/com/musalasoft/drone_delivery/api/DroneController.class]: Unsatisfied dependency expressed through constructor parameter 0; nested exception is org.springframework.beans.factory.UnsatisfiedDependencyException: Error creating bean with name 'droneServiceImpl' defined in file [/home/warren/Documents/drone_delivery_musalasoft/target/classes/com/musalasoft/drone_delivery/services/DroneServiceImpl.class]: Unsatisfied dependency expressed through constructor parameter 2; nested exception is org.springframework.beans.factory.UnsatisfiedDependencyException: Error creating bean with name 'exceptionMessageCreator' defined in file [/home/warren/Documents/drone_delivery_musalasoft/target/classes/com/musalasoft/drone_delivery/exception/ExceptionMessageCreator.class]: Unsatisfied dependency expressed through constructor parameter 1; nested exception is org.springframework.beans.factory.NoSuchBeanDefinitionException: No qualifying bean of type 'java.util.Locale' available: expected at least 1 bean which qualifies as autowire candidate. Dependency annotations: {}
2023-04-25 17:11:44.412  INFO 84425 --- [main] j.LocalContainerEntityManagerFactoryBean : Closing JPA EntityManagerFactory for persistence unit 'default'
2023-04-25 17:11:44.413  INFO 84425 --- [main] com.zaxxer.hikari.HikariDataSource       : HikariPool-1 - Shutdown initiated...
2023-04-25 17:11:44.418  INFO 84425 --- [main] com.zaxxer.hikari.HikariDataSource       : HikariPool-1 - Shutdown completed.
2023-04-25 17:11:44.420  INFO 84425 --- [main] o.apache.catalina.core.StandardService   : Stopping service [Tomcat]
2023-04-25 17:11:44.427  INFO 84425 --- [main] ConditionEvaluationReportLoggingListener : 

Error starting ApplicationContext. To display the conditions report re-run your application with 'debug' enabled.
2023-04-25 17:11:44.441 ERROR 84425 --- [main] o.s.b.d.LoggingFailureAnalysisReporter   : 

***************************
APPLICATION FAILED TO START
***************************

Description:

Parameter 1 of constructor in com.musalasoft.drone_delivery.exception.ExceptionMessageCreator required a bean of type 'java.util.Locale' that could not be found.


Action:

Consider defining a bean of type 'java.util.Locale' in your configuration.

2023-04-25 17:15:31.959  INFO 84850 --- [main] c.m.d.DroneDeliveryApplication           : Starting DroneDeliveryApplication using Java 16.0.2 on pavilion with PID 84850 (/home/warren/Documents/drone_delivery_musalasoft/target/classes started by warren in /home/warren/Documents/drone_delivery_musalasoft)
2023-04-25 17:15:31.962  INFO 84850 --- [main] c.m.d.DroneDeliveryApplication           : No active profile set, falling back to 1 default profile: "default"
2023-04-25 17:15:32.557  INFO 84850 --- [main] .s.d.r.c.RepositoryConfigurationDelegate : Bootstrapping Spring Data JPA repositories in DEFAULT mode.
2023-04-25 17:15:32.601  INFO 84850 --- [main] .s.d.r.c.RepositoryConfigurationDelegate : Finished Spring Data repository scanning in 37 ms. Found 2 JPA repository interfaces.
2023-04-25 17:15:33.022  INFO 84850 --- [main] o.s.b.w.embedded.tomcat.TomcatWebServer  : Tomcat initialized with port(s): 8088 (http)
2023-04-25 17:15:33.030  INFO 84850 --- [main] o.apache.catalina.core.StandardService   : Starting service [Tomcat]
2023-04-25 17:15:33.030  INFO 84850 --- [main] org.apache.catalina.core.StandardEngine  : Starting Servlet engine: [Apache Tomcat/9.0.74]
2023-04-25 17:15:33.131  INFO 84850 --- [main] o.a.c.c.C.[Tomcat].[localhost].[/]       : Initializing Spring embedded WebApplicationContext
2023-04-25 17:15:33.132  INFO 84850 --- [main] w.s.c.ServletWebServerApplicationContext : Root WebApplicationContext: initialization completed in 1116 ms
2023-04-25 17:15:33.265  INFO 84850 --- [main] o.hibernate.jpa.internal.util.LogHelper  : HHH000204: Processing PersistenceUnitInfo [name: default]
2023-04-25 17:15:33.295  INFO 84850 --- [main] org.hibernate.Version                    : HHH000412: Hibernate ORM core version 5.6.15.Final
2023-04-25 17:15:33.404  INFO 84850 --- [main] o.hibernate.annotations.common.Version   : HCANN000001: Hibernate Commons Annotations {5.1.2.Final}
2023-04-25 17:15:33.496  INFO 84850 --- [main] com.zaxxer.hikari.HikariDataSource       : HikariPool-1 - Starting...
2023-04-25 17:15:33.756  INFO 84850 --- [main] com.zaxxer.hikari.HikariDataSource       : HikariPool-1 - Start completed.
2023-04-25 17:15:33.777  INFO 84850 --- [main] org.hibernate.dialect.Dialect            : HHH000400: Using dialect: org.hibernate.dialect.MySQL8Dialect
2023-04-25 17:15:34.287  INFO 84850 --- [main] o.h.e.t.j.p.i.JtaPlatformInitiator       : HHH000490: Using JtaPlatform implementation: [org.hibernate.engine.transaction.jta.platform.internal.NoJtaPlatform]
2023-04-25 17:15:34.292  INFO 84850 --- [main] j.LocalContainerEntityManagerFactoryBean : Initialized JPA EntityManagerFactory for persistence unit 'default'
2023-04-25 17:15:34.630  WARN 84850 --- [main] ConfigServletWebServerApplicationContext : Exception encountered during context initialization - cancelling refresh attempt: org.springframework.beans.factory.UnsatisfiedDependencyException: Error creating bean with name 'droneController' defined in file [/home/warren/Documents/drone_delivery_musalasoft/target/classes/com/musalasoft/drone_delivery/api/DroneController.class]: Unsatisfied dependency expressed through constructor parameter 0; nested exception is org.springframework.beans.factory.UnsatisfiedDependencyException: Error creating bean with name 'droneServiceImpl' defined in file [/home/warren/Documents/drone_delivery_musalasoft/target/classes/com/musalasoft/drone_delivery/services/DroneServiceImpl.class]: Unsatisfied dependency expressed through constructor parameter 2; nested exception is org.springframework.beans.factory.UnsatisfiedDependencyException: Error creating bean with name 'exceptionMessageCreator' defined in file [/home/warren/Documents/drone_delivery_musalasoft/target/classes/com/musalasoft/drone_delivery/exception/ExceptionMessageCreator.class]: Unsatisfied dependency expressed through constructor parameter 1; nested exception is org.springframework.beans.factory.NoSuchBeanDefinitionException: No qualifying bean of type 'java.util.Locale' available: expected at least 1 bean which qualifies as autowire candidate. Dependency annotations: {}
2023-04-25 17:15:34.630  INFO 84850 --- [main] j.LocalContainerEntityManagerFactoryBean : Closing JPA EntityManagerFactory for persistence unit 'default'
2023-04-25 17:15:34.631  INFO 84850 --- [main] com.zaxxer.hikari.HikariDataSource       : HikariPool-1 - Shutdown initiated...
2023-04-25 17:15:34.638  INFO 84850 --- [main] com.zaxxer.hikari.HikariDataSource       : HikariPool-1 - Shutdown completed.
2023-04-25 17:15:34.640  INFO 84850 --- [main] o.apache.catalina.core.StandardService   : Stopping service [Tomcat]
2023-04-25 17:15:34.650  INFO 84850 --- [main] ConditionEvaluationReportLoggingListener : 

Error starting ApplicationContext. To display the conditions report re-run your application with 'debug' enabled.
2023-04-25 17:15:34.674 ERROR 84850 --- [main] o.s.b.d.LoggingFailureAnalysisReporter   : 

***************************
APPLICATION FAILED TO START
***************************

Description:

Parameter 1 of constructor in com.musalasoft.drone_delivery.exception.ExceptionMessageCreator required a bean of type 'java.util.Locale' that could not be found.


Action:

Consider defining a bean of type 'java.util.Locale' in your configuration.

2023-04-25 17:22:24.909  INFO 85579 --- [main] c.m.d.DroneDeliveryApplication           : Starting DroneDeliveryApplication using Java 16.0.2 on pavilion with PID 85579 (/home/warren/Documents/drone_delivery_musalasoft/target/classes started by warren in /home/warren/Documents/drone_delivery_musalasoft)
2023-04-25 17:22:24.912  INFO 85579 --- [main] c.m.d.DroneDeliveryApplication           : No active profile set, falling back to 1 default profile: "default"
2023-04-25 17:22:25.596  INFO 85579 --- [main] .s.d.r.c.RepositoryConfigurationDelegate : Bootstrapping Spring Data JPA repositories in DEFAULT mode.
2023-04-25 17:22:25.638  INFO 85579 --- [main] .s.d.r.c.RepositoryConfigurationDelegate : Finished Spring Data repository scanning in 34 ms. Found 2 JPA repository interfaces.
2023-04-25 17:22:26.143  INFO 85579 --- [main] o.s.b.w.embedded.tomcat.TomcatWebServer  : Tomcat initialized with port(s): 8088 (http)
2023-04-25 17:22:26.151  INFO 85579 --- [main] o.apache.catalina.core.StandardService   : Starting service [Tomcat]
2023-04-25 17:22:26.151  INFO 85579 --- [main] org.apache.catalina.core.StandardEngine  : Starting Servlet engine: [Apache Tomcat/9.0.74]
2023-04-25 17:22:26.251  INFO 85579 --- [main] o.a.c.c.C.[Tomcat].[localhost].[/]       : Initializing Spring embedded WebApplicationContext
2023-04-25 17:22:26.252  INFO 85579 --- [main] w.s.c.ServletWebServerApplicationContext : Root WebApplicationContext: initialization completed in 1288 ms
2023-04-25 17:22:26.380  INFO 85579 --- [main] o.hibernate.jpa.internal.util.LogHelper  : HHH000204: Processing PersistenceUnitInfo [name: default]
2023-04-25 17:22:26.413  INFO 85579 --- [main] org.hibernate.Version                    : HHH000412: Hibernate ORM core version 5.6.15.Final
2023-04-25 17:22:26.519  INFO 85579 --- [main] o.hibernate.annotations.common.Version   : HCANN000001: Hibernate Commons Annotations {5.1.2.Final}
2023-04-25 17:22:26.610  INFO 85579 --- [main] com.zaxxer.hikari.HikariDataSource       : HikariPool-1 - Starting...
2023-04-25 17:22:26.918  INFO 85579 --- [main] com.zaxxer.hikari.HikariDataSource       : HikariPool-1 - Start completed.
2023-04-25 17:22:26.939  INFO 85579 --- [main] org.hibernate.dialect.Dialect            : HHH000400: Using dialect: org.hibernate.dialect.MySQL8Dialect
2023-04-25 17:22:27.522  INFO 85579 --- [main] o.h.e.t.j.p.i.JtaPlatformInitiator       : HHH000490: Using JtaPlatform implementation: [org.hibernate.engine.transaction.jta.platform.internal.NoJtaPlatform]
2023-04-25 17:22:27.528  INFO 85579 --- [main] j.LocalContainerEntityManagerFactoryBean : Initialized JPA EntityManagerFactory for persistence unit 'default'
2023-04-25 17:22:27.854  WARN 85579 --- [main] ConfigServletWebServerApplicationContext : Exception encountered during context initialization - cancelling refresh attempt: org.springframework.beans.factory.UnsatisfiedDependencyException: Error creating bean with name 'droneController' defined in file [/home/warren/Documents/drone_delivery_musalasoft/target/classes/com/musalasoft/drone_delivery/api/DroneController.class]: Unsatisfied dependency expressed through constructor parameter 0; nested exception is org.springframework.beans.factory.UnsatisfiedDependencyException: Error creating bean with name 'droneServiceImpl' defined in file [/home/warren/Documents/drone_delivery_musalasoft/target/classes/com/musalasoft/drone_delivery/services/DroneServiceImpl.class]: Unsatisfied dependency expressed through constructor parameter 2; nested exception is org.springframework.beans.factory.UnsatisfiedDependencyException: Error creating bean with name 'exceptionMessageCreator' defined in file [/home/warren/Documents/drone_delivery_musalasoft/target/classes/com/musalasoft/drone_delivery/exception/ExceptionMessageCreator.class]: Unsatisfied dependency expressed through constructor parameter 1; nested exception is org.springframework.beans.factory.NoSuchBeanDefinitionException: No qualifying bean of type 'java.util.Locale' available: expected at least 1 bean which qualifies as autowire candidate. Dependency annotations: {}
2023-04-25 17:22:27.855  INFO 85579 --- [main] j.LocalContainerEntityManagerFactoryBean : Closing JPA EntityManagerFactory for persistence unit 'default'
2023-04-25 17:22:27.857  INFO 85579 --- [main] com.zaxxer.hikari.HikariDataSource       : HikariPool-1 - Shutdown initiated...
2023-04-25 17:22:27.863  INFO 85579 --- [main] com.zaxxer.hikari.HikariDataSource       : HikariPool-1 - Shutdown completed.
2023-04-25 17:22:27.865  INFO 85579 --- [main] o.apache.catalina.core.StandardService   : Stopping service [Tomcat]
2023-04-25 17:22:27.873  INFO 85579 --- [main] ConditionEvaluationReportLoggingListener : 

Error starting ApplicationContext. To display the conditions report re-run your application with 'debug' enabled.
2023-04-25 17:22:27.893 ERROR 85579 --- [main] o.s.b.d.LoggingFailureAnalysisReporter   : 

***************************
APPLICATION FAILED TO START
***************************

Description:

Parameter 1 of constructor in com.musalasoft.drone_delivery.exception.ExceptionMessageCreator required a bean of type 'java.util.Locale' that could not be found.


Action:

Consider defining a bean of type 'java.util.Locale' in your configuration.

2023-04-25 17:30:37.845  INFO 86454 --- [main] c.m.d.DroneDeliveryApplication           : Starting DroneDeliveryApplication using Java 16.0.2 on pavilion with PID 86454 (/home/warren/Documents/drone_delivery_musalasoft/target/classes started by warren in /home/warren/Documents/drone_delivery_musalasoft)
2023-04-25 17:30:37.849  INFO 86454 --- [main] c.m.d.DroneDeliveryApplication           : No active profile set, falling back to 1 default profile: "default"
2023-04-25 17:30:38.855  INFO 86454 --- [main] .s.d.r.c.RepositoryConfigurationDelegate : Bootstrapping Spring Data JPA repositories in DEFAULT mode.
2023-04-25 17:30:38.931  INFO 86454 --- [main] .s.d.r.c.RepositoryConfigurationDelegate : Finished Spring Data repository scanning in 64 ms. Found 2 JPA repository interfaces.
2023-04-25 17:30:39.544  INFO 86454 --- [main] o.s.b.w.embedded.tomcat.TomcatWebServer  : Tomcat initialized with port(s): 8088 (http)
2023-04-25 17:30:39.555  INFO 86454 --- [main] o.apache.catalina.core.StandardService   : Starting service [Tomcat]
2023-04-25 17:30:39.555  INFO 86454 --- [main] org.apache.catalina.core.StandardEngine  : Starting Servlet engine: [Apache Tomcat/9.0.74]
2023-04-25 17:30:39.717  INFO 86454 --- [main] o.a.c.c.C.[Tomcat].[localhost].[/]       : Initializing Spring embedded WebApplicationContext
2023-04-25 17:30:39.718  INFO 86454 --- [main] w.s.c.ServletWebServerApplicationContext : Root WebApplicationContext: initialization completed in 1756 ms
2023-04-25 17:30:39.935  INFO 86454 --- [main] o.hibernate.jpa.internal.util.LogHelper  : HHH000204: Processing PersistenceUnitInfo [name: default]
2023-04-25 17:30:39.980  INFO 86454 --- [main] org.hibernate.Version                    : HHH000412: Hibernate ORM core version 5.6.15.Final
2023-04-25 17:30:40.139  INFO 86454 --- [main] o.hibernate.annotations.common.Version   : HCANN000001: Hibernate Commons Annotations {5.1.2.Final}
2023-04-25 17:30:40.252  INFO 86454 --- [main] com.zaxxer.hikari.HikariDataSource       : HikariPool-1 - Starting...
2023-04-25 17:30:40.675  INFO 86454 --- [main] com.zaxxer.hikari.HikariDataSource       : HikariPool-1 - Start completed.
2023-04-25 17:30:40.710  INFO 86454 --- [main] org.hibernate.dialect.Dialect            : HHH000400: Using dialect: org.hibernate.dialect.MySQL8Dialect
2023-04-25 17:30:41.454  INFO 86454 --- [main] o.h.e.t.j.p.i.JtaPlatformInitiator       : HHH000490: Using JtaPlatform implementation: [org.hibernate.engine.transaction.jta.platform.internal.NoJtaPlatform]
2023-04-25 17:30:41.460  INFO 86454 --- [main] j.LocalContainerEntityManagerFactoryBean : Initialized JPA EntityManagerFactory for persistence unit 'default'
2023-04-25 17:30:41.975  WARN 86454 --- [main] ConfigServletWebServerApplicationContext : Exception encountered during context initialization - cancelling refresh attempt: org.springframework.beans.factory.UnsatisfiedDependencyException: Error creating bean with name 'droneController' defined in file [/home/warren/Documents/drone_delivery_musalasoft/target/classes/com/musalasoft/drone_delivery/api/DroneController.class]: Unsatisfied dependency expressed through constructor parameter 0; nested exception is org.springframework.beans.factory.UnsatisfiedDependencyException: Error creating bean with name 'droneServiceImpl' defined in file [/home/warren/Documents/drone_delivery_musalasoft/target/classes/com/musalasoft/drone_delivery/services/DroneServiceImpl.class]: Unsatisfied dependency expressed through constructor parameter 2; nested exception is org.springframework.beans.factory.UnsatisfiedDependencyException: Error creating bean with name 'exceptionMessageCreator' defined in file [/home/warren/Documents/drone_delivery_musalasoft/target/classes/com/musalasoft/drone_delivery/exception/ExceptionMessageCreator.class]: Unsatisfied dependency expressed through constructor parameter 1; nested exception is org.springframework.beans.factory.NoSuchBeanDefinitionException: No qualifying bean of type 'java.util.Locale' available: expected at least 1 bean which qualifies as autowire candidate. Dependency annotations: {}
2023-04-25 17:30:41.976  INFO 86454 --- [main] j.LocalContainerEntityManagerFactoryBean : Closing JPA EntityManagerFactory for persistence unit 'default'
2023-04-25 17:30:41.978  INFO 86454 --- [main] com.zaxxer.hikari.HikariDataSource       : HikariPool-1 - Shutdown initiated...
2023-04-25 17:30:41.986  INFO 86454 --- [main] com.zaxxer.hikari.HikariDataSource       : HikariPool-1 - Shutdown completed.
2023-04-25 17:30:41.988  INFO 86454 --- [main] o.apache.catalina.core.StandardService   : Stopping service [Tomcat]
2023-04-25 17:30:41.999  INFO 86454 --- [main] ConditionEvaluationReportLoggingListener : 

Error starting ApplicationContext. To display the conditions report re-run your application with 'debug' enabled.
2023-04-25 17:30:42.019 ERROR 86454 --- [main] o.s.b.d.LoggingFailureAnalysisReporter   : 

***************************
APPLICATION FAILED TO START
***************************

Description:

Parameter 1 of constructor in com.musalasoft.drone_delivery.exception.ExceptionMessageCreator required a bean of type 'java.util.Locale' that could not be found.


Action:

Consider defining a bean of type 'java.util.Locale' in your configuration.

2023-04-25 17:30:50.181  INFO 86559 --- [main] c.m.d.DroneDeliveryApplication           : Starting DroneDeliveryApplication using Java 16.0.2 on pavilion with PID 86559 (/home/warren/Documents/drone_delivery_musalasoft/target/classes started by warren in /home/warren/Documents/drone_delivery_musalasoft)
2023-04-25 17:30:50.183  INFO 86559 --- [main] c.m.d.DroneDeliveryApplication           : No active profile set, falling back to 1 default profile: "default"
2023-04-25 17:30:50.856  INFO 86559 --- [main] .s.d.r.c.RepositoryConfigurationDelegate : Bootstrapping Spring Data JPA repositories in DEFAULT mode.
2023-04-25 17:30:50.910  INFO 86559 --- [main] .s.d.r.c.RepositoryConfigurationDelegate : Finished Spring Data repository scanning in 45 ms. Found 2 JPA repository interfaces.
2023-04-25 17:30:51.385  INFO 86559 --- [main] o.s.b.w.embedded.tomcat.TomcatWebServer  : Tomcat initialized with port(s): 8088 (http)
2023-04-25 17:30:51.393  INFO 86559 --- [main] o.apache.catalina.core.StandardService   : Starting service [Tomcat]
2023-04-25 17:30:51.393  INFO 86559 --- [main] org.apache.catalina.core.StandardEngine  : Starting Servlet engine: [Apache Tomcat/9.0.74]
2023-04-25 17:30:51.515  INFO 86559 --- [main] o.a.c.c.C.[Tomcat].[localhost].[/]       : Initializing Spring embedded WebApplicationContext
2023-04-25 17:30:51.516  INFO 86559 --- [main] w.s.c.ServletWebServerApplicationContext : Root WebApplicationContext: initialization completed in 1277 ms
2023-04-25 17:30:51.776  INFO 86559 --- [main] o.hibernate.jpa.internal.util.LogHelper  : HHH000204: Processing PersistenceUnitInfo [name: default]
2023-04-25 17:30:51.810  INFO 86559 --- [main] org.hibernate.Version                    : HHH000412: Hibernate ORM core version 5.6.15.Final
2023-04-25 17:30:51.924  INFO 86559 --- [main] o.hibernate.annotations.common.Version   : HCANN000001: Hibernate Commons Annotations {5.1.2.Final}
2023-04-25 17:30:52.008  INFO 86559 --- [main] com.zaxxer.hikari.HikariDataSource       : HikariPool-1 - Starting...
2023-04-25 17:30:52.292  INFO 86559 --- [main] com.zaxxer.hikari.HikariDataSource       : HikariPool-1 - Start completed.
2023-04-25 17:30:52.313  INFO 86559 --- [main] org.hibernate.dialect.Dialect            : HHH000400: Using dialect: org.hibernate.dialect.MySQL8Dialect
2023-04-25 17:30:52.812  INFO 86559 --- [main] o.h.e.t.j.p.i.JtaPlatformInitiator       : HHH000490: Using JtaPlatform implementation: [org.hibernate.engine.transaction.jta.platform.internal.NoJtaPlatform]
2023-04-25 17:30:52.817  INFO 86559 --- [main] j.LocalContainerEntityManagerFactoryBean : Initialized JPA EntityManagerFactory for persistence unit 'default'
2023-04-25 17:30:53.214  WARN 86559 --- [main] ConfigServletWebServerApplicationContext : Exception encountered during context initialization - cancelling refresh attempt: org.springframework.beans.factory.UnsatisfiedDependencyException: Error creating bean with name 'droneController' defined in file [/home/warren/Documents/drone_delivery_musalasoft/target/classes/com/musalasoft/drone_delivery/api/DroneController.class]: Unsatisfied dependency expressed through constructor parameter 0; nested exception is org.springframework.beans.factory.UnsatisfiedDependencyException: Error creating bean with name 'droneServiceImpl' defined in file [/home/warren/Documents/drone_delivery_musalasoft/target/classes/com/musalasoft/drone_delivery/services/DroneServiceImpl.class]: Unsatisfied dependency expressed through constructor parameter 2; nested exception is org.springframework.beans.factory.UnsatisfiedDependencyException: Error creating bean with name 'exceptionMessageCreator' defined in file [/home/warren/Documents/drone_delivery_musalasoft/target/classes/com/musalasoft/drone_delivery/exception/ExceptionMessageCreator.class]: Unsatisfied dependency expressed through constructor parameter 1; nested exception is org.springframework.beans.factory.NoSuchBeanDefinitionException: No qualifying bean of type 'java.util.Locale' available: expected at least 1 bean which qualifies as autowire candidate. Dependency annotations: {}
2023-04-25 17:30:53.215  INFO 86559 --- [main] j.LocalContainerEntityManagerFactoryBean : Closing JPA EntityManagerFactory for persistence unit 'default'
2023-04-25 17:30:53.216  INFO 86559 --- [main] com.zaxxer.hikari.HikariDataSource       : HikariPool-1 - Shutdown initiated...
2023-04-25 17:30:53.223  INFO 86559 --- [main] com.zaxxer.hikari.HikariDataSource       : HikariPool-1 - Shutdown completed.
2023-04-25 17:30:53.225  INFO 86559 --- [main] o.apache.catalina.core.StandardService   : Stopping service [Tomcat]
2023-04-25 17:30:53.236  INFO 86559 --- [main] ConditionEvaluationReportLoggingListener : 

Error starting ApplicationContext. To display the conditions report re-run your application with 'debug' enabled.
2023-04-25 17:30:53.259 ERROR 86559 --- [main] o.s.b.d.LoggingFailureAnalysisReporter   : 

***************************
APPLICATION FAILED TO START
***************************

Description:

Parameter 1 of constructor in com.musalasoft.drone_delivery.exception.ExceptionMessageCreator required a bean of type 'java.util.Locale' that could not be found.


Action:

Consider defining a bean of type 'java.util.Locale' in your configuration.

2023-04-25 17:33:07.492  INFO 86920 --- [main] c.m.d.DroneDeliveryApplication           : Starting DroneDeliveryApplication using Java 16.0.2 on pavilion with PID 86920 (/home/warren/Documents/drone_delivery_musalasoft/target/classes started by warren in /home/warren/Documents/drone_delivery_musalasoft)
2023-04-25 17:33:07.496  INFO 86920 --- [main] c.m.d.DroneDeliveryApplication           : No active profile set, falling back to 1 default profile: "default"
2023-04-25 17:33:08.319  INFO 86920 --- [main] .s.d.r.c.RepositoryConfigurationDelegate : Bootstrapping Spring Data JPA repositories in DEFAULT mode.
2023-04-25 17:33:08.369  INFO 86920 --- [main] .s.d.r.c.RepositoryConfigurationDelegate : Finished Spring Data repository scanning in 42 ms. Found 2 JPA repository interfaces.
2023-04-25 17:33:08.927  INFO 86920 --- [main] o.s.b.w.embedded.tomcat.TomcatWebServer  : Tomcat initialized with port(s): 8088 (http)
2023-04-25 17:33:08.935  INFO 86920 --- [main] o.apache.catalina.core.StandardService   : Starting service [Tomcat]
2023-04-25 17:33:08.936  INFO 86920 --- [main] org.apache.catalina.core.StandardEngine  : Starting Servlet engine: [Apache Tomcat/9.0.74]
2023-04-25 17:33:09.044  INFO 86920 --- [main] o.a.c.c.C.[Tomcat].[localhost].[/]       : Initializing Spring embedded WebApplicationContext
2023-04-25 17:33:09.046  INFO 86920 --- [main] w.s.c.ServletWebServerApplicationContext : Root WebApplicationContext: initialization completed in 1486 ms
2023-04-25 17:33:09.186  INFO 86920 --- [main] o.hibernate.jpa.internal.util.LogHelper  : HHH000204: Processing PersistenceUnitInfo [name: default]
2023-04-25 17:33:09.218  INFO 86920 --- [main] org.hibernate.Version                    : HHH000412: Hibernate ORM core version 5.6.15.Final
2023-04-25 17:33:09.340  INFO 86920 --- [main] o.hibernate.annotations.common.Version   : HCANN000001: Hibernate Commons Annotations {5.1.2.Final}
2023-04-25 17:33:09.421  INFO 86920 --- [main] com.zaxxer.hikari.HikariDataSource       : HikariPool-1 - Starting...
2023-04-25 17:33:09.716  INFO 86920 --- [main] com.zaxxer.hikari.HikariDataSource       : HikariPool-1 - Start completed.
2023-04-25 17:33:09.740  INFO 86920 --- [main] org.hibernate.dialect.Dialect            : HHH000400: Using dialect: org.hibernate.dialect.MySQL8Dialect
2023-04-25 17:33:10.241  INFO 86920 --- [main] o.h.e.t.j.p.i.JtaPlatformInitiator       : HHH000490: Using JtaPlatform implementation: [org.hibernate.engine.transaction.jta.platform.internal.NoJtaPlatform]
2023-04-25 17:33:10.247  INFO 86920 --- [main] j.LocalContainerEntityManagerFactoryBean : Initialized JPA EntityManagerFactory for persistence unit 'default'
2023-04-25 17:33:10.586  WARN 86920 --- [main] ConfigServletWebServerApplicationContext : Exception encountered during context initialization - cancelling refresh attempt: org.springframework.beans.factory.UnsatisfiedDependencyException: Error creating bean with name 'droneController' defined in file [/home/warren/Documents/drone_delivery_musalasoft/target/classes/com/musalasoft/drone_delivery/api/DroneController.class]: Unsatisfied dependency expressed through constructor parameter 0; nested exception is org.springframework.beans.factory.UnsatisfiedDependencyException: Error creating bean with name 'droneServiceImpl' defined in file [/home/warren/Documents/drone_delivery_musalasoft/target/classes/com/musalasoft/drone_delivery/services/DroneServiceImpl.class]: Unsatisfied dependency expressed through constructor parameter 2; nested exception is org.springframework.beans.factory.UnsatisfiedDependencyException: Error creating bean with name 'exceptionMessageCreator' defined in file [/home/warren/Documents/drone_delivery_musalasoft/target/classes/com/musalasoft/drone_delivery/exception/ExceptionMessageCreator.class]: Unsatisfied dependency expressed through constructor parameter 1; nested exception is org.springframework.beans.factory.NoSuchBeanDefinitionException: No qualifying bean of type 'java.util.Locale' available: expected at least 1 bean which qualifies as autowire candidate. Dependency annotations: {}
2023-04-25 17:33:10.587  INFO 86920 --- [main] j.LocalContainerEntityManagerFactoryBean : Closing JPA EntityManagerFactory for persistence unit 'default'
2023-04-25 17:33:10.589  INFO 86920 --- [main] com.zaxxer.hikari.HikariDataSource       : HikariPool-1 - Shutdown initiated...
2023-04-25 17:33:10.594  INFO 86920 --- [main] com.zaxxer.hikari.HikariDataSource       : HikariPool-1 - Shutdown completed.
2023-04-25 17:33:10.596  INFO 86920 --- [main] o.apache.catalina.core.StandardService   : Stopping service [Tomcat]
2023-04-25 17:33:10.607  INFO 86920 --- [main] ConditionEvaluationReportLoggingListener : 

Error starting ApplicationContext. To display the conditions report re-run your application with 'debug' enabled.
2023-04-25 17:33:10.633 ERROR 86920 --- [main] o.s.b.d.LoggingFailureAnalysisReporter   : 

***************************
APPLICATION FAILED TO START
***************************

Description:

Parameter 1 of constructor in com.musalasoft.drone_delivery.exception.ExceptionMessageCreator required a bean of type 'java.util.Locale' that could not be found.


Action:

Consider defining a bean of type 'java.util.Locale' in your configuration.

2023-04-25 17:34:37.684  INFO 87144 --- [main] c.m.d.DroneDeliveryApplication           : Starting DroneDeliveryApplication using Java 16.0.2 on pavilion with PID 87144 (/home/warren/Documents/drone_delivery_musalasoft/target/classes started by warren in /home/warren/Documents/drone_delivery_musalasoft)
2023-04-25 17:34:37.687  INFO 87144 --- [main] c.m.d.DroneDeliveryApplication           : No active profile set, falling back to 1 default profile: "default"
2023-04-25 17:34:38.297  INFO 87144 --- [main] .s.d.r.c.RepositoryConfigurationDelegate : Bootstrapping Spring Data JPA repositories in DEFAULT mode.
2023-04-25 17:34:38.337  INFO 87144 --- [main] .s.d.r.c.RepositoryConfigurationDelegate : Finished Spring Data repository scanning in 34 ms. Found 2 JPA repository interfaces.
2023-04-25 17:34:38.804  INFO 87144 --- [main] o.s.b.w.embedded.tomcat.TomcatWebServer  : Tomcat initialized with port(s): 8088 (http)
2023-04-25 17:34:38.812  INFO 87144 --- [main] o.apache.catalina.core.StandardService   : Starting service [Tomcat]
2023-04-25 17:34:38.812  INFO 87144 --- [main] org.apache.catalina.core.StandardEngine  : Starting Servlet engine: [Apache Tomcat/9.0.74]
2023-04-25 17:34:38.901  INFO 87144 --- [main] o.a.c.c.C.[Tomcat].[localhost].[/]       : Initializing Spring embedded WebApplicationContext
2023-04-25 17:34:38.901  INFO 87144 --- [main] w.s.c.ServletWebServerApplicationContext : Root WebApplicationContext: initialization completed in 1161 ms
2023-04-25 17:34:39.015  INFO 87144 --- [main] o.hibernate.jpa.internal.util.LogHelper  : HHH000204: Processing PersistenceUnitInfo [name: default]
2023-04-25 17:34:39.045  INFO 87144 --- [main] org.hibernate.Version                    : HHH000412: Hibernate ORM core version 5.6.15.Final
2023-04-25 17:34:39.150  INFO 87144 --- [main] o.hibernate.annotations.common.Version   : HCANN000001: Hibernate Commons Annotations {5.1.2.Final}
2023-04-25 17:34:39.221  INFO 87144 --- [main] com.zaxxer.hikari.HikariDataSource       : HikariPool-1 - Starting...
2023-04-25 17:34:39.453  INFO 87144 --- [main] com.zaxxer.hikari.HikariDataSource       : HikariPool-1 - Start completed.
2023-04-25 17:34:39.471  INFO 87144 --- [main] org.hibernate.dialect.Dialect            : HHH000400: Using dialect: org.hibernate.dialect.MySQL8Dialect
2023-04-25 17:34:39.913  INFO 87144 --- [main] o.h.e.t.j.p.i.JtaPlatformInitiator       : HHH000490: Using JtaPlatform implementation: [org.hibernate.engine.transaction.jta.platform.internal.NoJtaPlatform]
2023-04-25 17:34:39.919  INFO 87144 --- [main] j.LocalContainerEntityManagerFactoryBean : Initialized JPA EntityManagerFactory for persistence unit 'default'
2023-04-25 17:34:40.271  WARN 87144 --- [main] ConfigServletWebServerApplicationContext : Exception encountered during context initialization - cancelling refresh attempt: org.springframework.beans.factory.UnsatisfiedDependencyException: Error creating bean with name 'droneController' defined in file [/home/warren/Documents/drone_delivery_musalasoft/target/classes/com/musalasoft/drone_delivery/api/DroneController.class]: Unsatisfied dependency expressed through constructor parameter 0; nested exception is org.springframework.beans.factory.UnsatisfiedDependencyException: Error creating bean with name 'droneServiceImpl' defined in file [/home/warren/Documents/drone_delivery_musalasoft/target/classes/com/musalasoft/drone_delivery/services/DroneServiceImpl.class]: Unsatisfied dependency expressed through constructor parameter 2; nested exception is org.springframework.beans.factory.UnsatisfiedDependencyException: Error creating bean with name 'exceptionMessageCreator' defined in file [/home/warren/Documents/drone_delivery_musalasoft/target/classes/com/musalasoft/drone_delivery/exception/ExceptionMessageCreator.class]: Unsatisfied dependency expressed through constructor parameter 1; nested exception is org.springframework.beans.factory.NoSuchBeanDefinitionException: No qualifying bean of type 'java.util.Locale' available: expected at least 1 bean which qualifies as autowire candidate. Dependency annotations: {}
2023-04-25 17:34:40.272  INFO 87144 --- [main] j.LocalContainerEntityManagerFactoryBean : Closing JPA EntityManagerFactory for persistence unit 'default'
2023-04-25 17:34:40.273  INFO 87144 --- [main] com.zaxxer.hikari.HikariDataSource       : HikariPool-1 - Shutdown initiated...
2023-04-25 17:34:40.279  INFO 87144 --- [main] com.zaxxer.hikari.HikariDataSource       : HikariPool-1 - Shutdown completed.
2023-04-25 17:34:40.281  INFO 87144 --- [main] o.apache.catalina.core.StandardService   : Stopping service [Tomcat]
2023-04-25 17:34:40.292  INFO 87144 --- [main] ConditionEvaluationReportLoggingListener : 

Error starting ApplicationContext. To display the conditions report re-run your application with 'debug' enabled.
2023-04-25 17:34:40.315 ERROR 87144 --- [main] o.s.b.d.LoggingFailureAnalysisReporter   : 

***************************
APPLICATION FAILED TO START
***************************

Description:

Parameter 1 of constructor in com.musalasoft.drone_delivery.exception.ExceptionMessageCreator required a bean of type 'java.util.Locale' that could not be found.


Action:

Consider defining a bean of type 'java.util.Locale' in your configuration.

2023-04-25 17:41:11.443  INFO 87995 --- [main] c.m.d.DroneDeliveryApplication           : Starting DroneDeliveryApplication using Java 16.0.2 on pavilion with PID 87995 (/home/warren/Documents/drone_delivery_musalasoft/target/classes started by warren in /home/warren/Documents/drone_delivery_musalasoft)
2023-04-25 17:41:11.445  INFO 87995 --- [main] c.m.d.DroneDeliveryApplication           : No active profile set, falling back to 1 default profile: "default"
2023-04-25 17:41:12.274  INFO 87995 --- [main] .s.d.r.c.RepositoryConfigurationDelegate : Bootstrapping Spring Data JPA repositories in DEFAULT mode.
2023-04-25 17:41:12.341  INFO 87995 --- [main] .s.d.r.c.RepositoryConfigurationDelegate : Finished Spring Data repository scanning in 56 ms. Found 2 JPA repository interfaces.
2023-04-25 17:41:12.904  INFO 87995 --- [main] o.s.b.w.embedded.tomcat.TomcatWebServer  : Tomcat initialized with port(s): 8088 (http)
2023-04-25 17:41:12.917  INFO 87995 --- [main] o.apache.catalina.core.StandardService   : Starting service [Tomcat]
2023-04-25 17:41:12.917  INFO 87995 --- [main] org.apache.catalina.core.StandardEngine  : Starting Servlet engine: [Apache Tomcat/9.0.74]
2023-04-25 17:41:13.028  INFO 87995 --- [main] o.a.c.c.C.[Tomcat].[localhost].[/]       : Initializing Spring embedded WebApplicationContext
2023-04-25 17:41:13.029  INFO 87995 --- [main] w.s.c.ServletWebServerApplicationContext : Root WebApplicationContext: initialization completed in 1531 ms
2023-04-25 17:41:13.220  INFO 87995 --- [main] o.hibernate.jpa.internal.util.LogHelper  : HHH000204: Processing PersistenceUnitInfo [name: default]
2023-04-25 17:41:13.261  INFO 87995 --- [main] org.hibernate.Version                    : HHH000412: Hibernate ORM core version 5.6.15.Final
2023-04-25 17:41:13.411  INFO 87995 --- [main] o.hibernate.annotations.common.Version   : HCANN000001: Hibernate Commons Annotations {5.1.2.Final}
2023-04-25 17:41:13.503  INFO 87995 --- [main] com.zaxxer.hikari.HikariDataSource       : HikariPool-1 - Starting...
2023-04-25 17:41:13.771  INFO 87995 --- [main] com.zaxxer.hikari.HikariDataSource       : HikariPool-1 - Start completed.
2023-04-25 17:41:13.796  INFO 87995 --- [main] org.hibernate.dialect.Dialect            : HHH000400: Using dialect: org.hibernate.dialect.MySQL8Dialect
2023-04-25 17:41:14.397  INFO 87995 --- [main] o.h.e.t.j.p.i.JtaPlatformInitiator       : HHH000490: Using JtaPlatform implementation: [org.hibernate.engine.transaction.jta.platform.internal.NoJtaPlatform]
2023-04-25 17:41:14.405  INFO 87995 --- [main] j.LocalContainerEntityManagerFactoryBean : Initialized JPA EntityManagerFactory for persistence unit 'default'
2023-04-25 17:41:14.804  WARN 87995 --- [main] ConfigServletWebServerApplicationContext : Exception encountered during context initialization - cancelling refresh attempt: org.springframework.beans.factory.UnsatisfiedDependencyException: Error creating bean with name 'droneController' defined in file [/home/warren/Documents/drone_delivery_musalasoft/target/classes/com/musalasoft/drone_delivery/api/DroneController.class]: Unsatisfied dependency expressed through constructor parameter 0; nested exception is org.springframework.beans.factory.UnsatisfiedDependencyException: Error creating bean with name 'droneServiceImpl' defined in file [/home/warren/Documents/drone_delivery_musalasoft/target/classes/com/musalasoft/drone_delivery/services/DroneServiceImpl.class]: Unsatisfied dependency expressed through constructor parameter 2; nested exception is org.springframework.beans.factory.UnsatisfiedDependencyException: Error creating bean with name 'exceptionMessageCreator' defined in file [/home/warren/Documents/drone_delivery_musalasoft/target/classes/com/musalasoft/drone_delivery/exception/ExceptionMessageCreator.class]: Unsatisfied dependency expressed through constructor parameter 1; nested exception is org.springframework.beans.factory.NoSuchBeanDefinitionException: No qualifying bean of type 'java.util.Locale' available: expected at least 1 bean which qualifies as autowire candidate. Dependency annotations: {}
2023-04-25 17:41:14.805  INFO 87995 --- [main] j.LocalContainerEntityManagerFactoryBean : Closing JPA EntityManagerFactory for persistence unit 'default'
2023-04-25 17:41:14.806  INFO 87995 --- [main] com.zaxxer.hikari.HikariDataSource       : HikariPool-1 - Shutdown initiated...
2023-04-25 17:41:14.813  INFO 87995 --- [main] com.zaxxer.hikari.HikariDataSource       : HikariPool-1 - Shutdown completed.
2023-04-25 17:41:14.815  INFO 87995 --- [main] o.apache.catalina.core.StandardService   : Stopping service [Tomcat]
2023-04-25 17:41:14.829  INFO 87995 --- [main] ConditionEvaluationReportLoggingListener : 

Error starting ApplicationContext. To display the conditions report re-run your application with 'debug' enabled.
2023-04-25 17:41:14.851 ERROR 87995 --- [main] o.s.b.d.LoggingFailureAnalysisReporter   : 

***************************
APPLICATION FAILED TO START
***************************

Description:

Parameter 1 of constructor in com.musalasoft.drone_delivery.exception.ExceptionMessageCreator required a bean of type 'java.util.Locale' that could not be found.


Action:

Consider defining a bean of type 'java.util.Locale' in your configuration.

2023-04-25 17:45:49.690  INFO 88487 --- [main] c.m.d.DroneDeliveryApplication           : Starting DroneDeliveryApplication using Java 16.0.2 on pavilion with PID 88487 (/home/warren/Documents/drone_delivery_musalasoft/target/classes started by warren in /home/warren/Documents/drone_delivery_musalasoft)
2023-04-25 17:45:49.692  INFO 88487 --- [main] c.m.d.DroneDeliveryApplication           : No active profile set, falling back to 1 default profile: "default"
2023-04-25 17:45:50.375  INFO 88487 --- [main] .s.d.r.c.RepositoryConfigurationDelegate : Bootstrapping Spring Data JPA repositories in DEFAULT mode.
2023-04-25 17:45:50.426  INFO 88487 --- [main] .s.d.r.c.RepositoryConfigurationDelegate : Finished Spring Data repository scanning in 42 ms. Found 2 JPA repository interfaces.
2023-04-25 17:45:50.937  INFO 88487 --- [main] o.s.b.w.embedded.tomcat.TomcatWebServer  : Tomcat initialized with port(s): 8088 (http)
2023-04-25 17:45:50.945  INFO 88487 --- [main] o.apache.catalina.core.StandardService   : Starting service [Tomcat]
2023-04-25 17:45:50.946  INFO 88487 --- [main] org.apache.catalina.core.StandardEngine  : Starting Servlet engine: [Apache Tomcat/9.0.74]
2023-04-25 17:45:51.038  INFO 88487 --- [main] o.a.c.c.C.[Tomcat].[localhost].[/]       : Initializing Spring embedded WebApplicationContext
2023-04-25 17:45:51.038  INFO 88487 --- [main] w.s.c.ServletWebServerApplicationContext : Root WebApplicationContext: initialization completed in 1290 ms
2023-04-25 17:45:51.180  INFO 88487 --- [main] o.hibernate.jpa.internal.util.LogHelper  : HHH000204: Processing PersistenceUnitInfo [name: default]
2023-04-25 17:45:51.221  INFO 88487 --- [main] org.hibernate.Version                    : HHH000412: Hibernate ORM core version 5.6.15.Final
2023-04-25 17:45:51.335  INFO 88487 --- [main] o.hibernate.annotations.common.Version   : HCANN000001: Hibernate Commons Annotations {5.1.2.Final}
2023-04-25 17:45:51.427  INFO 88487 --- [main] com.zaxxer.hikari.HikariDataSource       : HikariPool-1 - Starting...
2023-04-25 17:45:51.739  INFO 88487 --- [main] com.zaxxer.hikari.HikariDataSource       : HikariPool-1 - Start completed.
2023-04-25 17:45:51.762  INFO 88487 --- [main] org.hibernate.dialect.Dialect            : HHH000400: Using dialect: org.hibernate.dialect.MySQL8Dialect
2023-04-25 17:45:52.256  INFO 88487 --- [main] o.h.e.t.j.p.i.JtaPlatformInitiator       : HHH000490: Using JtaPlatform implementation: [org.hibernate.engine.transaction.jta.platform.internal.NoJtaPlatform]
2023-04-25 17:45:52.264  INFO 88487 --- [main] j.LocalContainerEntityManagerFactoryBean : Initialized JPA EntityManagerFactory for persistence unit 'default'
2023-04-25 17:45:52.637  WARN 88487 --- [main] ConfigServletWebServerApplicationContext : Exception encountered during context initialization - cancelling refresh attempt: org.springframework.beans.factory.UnsatisfiedDependencyException: Error creating bean with name 'droneController' defined in file [/home/warren/Documents/drone_delivery_musalasoft/target/classes/com/musalasoft/drone_delivery/api/DroneController.class]: Unsatisfied dependency expressed through constructor parameter 0; nested exception is org.springframework.beans.factory.UnsatisfiedDependencyException: Error creating bean with name 'droneServiceImpl' defined in file [/home/warren/Documents/drone_delivery_musalasoft/target/classes/com/musalasoft/drone_delivery/services/DroneServiceImpl.class]: Unsatisfied dependency expressed through constructor parameter 2; nested exception is org.springframework.beans.factory.UnsatisfiedDependencyException: Error creating bean with name 'exceptionMessageCreator' defined in file [/home/warren/Documents/drone_delivery_musalasoft/target/classes/com/musalasoft/drone_delivery/exception/ExceptionMessageCreator.class]: Unsatisfied dependency expressed through constructor parameter 1; nested exception is org.springframework.beans.factory.NoSuchBeanDefinitionException: No qualifying bean of type 'java.util.Locale' available: expected at least 1 bean which qualifies as autowire candidate. Dependency annotations: {}
2023-04-25 17:45:52.637  INFO 88487 --- [main] j.LocalContainerEntityManagerFactoryBean : Closing JPA EntityManagerFactory for persistence unit 'default'
2023-04-25 17:45:52.638  INFO 88487 --- [main] com.zaxxer.hikari.HikariDataSource       : HikariPool-1 - Shutdown initiated...
2023-04-25 17:45:52.644  INFO 88487 --- [main] com.zaxxer.hikari.HikariDataSource       : HikariPool-1 - Shutdown completed.
2023-04-25 17:45:52.646  INFO 88487 --- [main] o.apache.catalina.core.StandardService   : Stopping service [Tomcat]
2023-04-25 17:45:52.654  INFO 88487 --- [main] ConditionEvaluationReportLoggingListener : 

Error starting ApplicationContext. To display the conditions report re-run your application with 'debug' enabled.
2023-04-25 17:45:52.668 ERROR 88487 --- [main] o.s.b.d.LoggingFailureAnalysisReporter   : 

***************************
APPLICATION FAILED TO START
***************************

Description:

Parameter 1 of constructor in com.musalasoft.drone_delivery.exception.ExceptionMessageCreator required a bean of type 'java.util.Locale' that could not be found.


Action:

Consider defining a bean of type 'java.util.Locale' in your configuration.

2023-04-25 17:48:40.676  INFO 88767 --- [main] c.m.d.DroneDeliveryApplication           : Starting DroneDeliveryApplication using Java 16.0.2 on pavilion with PID 88767 (/home/warren/Documents/drone_delivery_musalasoft/target/classes started by warren in /home/warren/Documents/drone_delivery_musalasoft)
2023-04-25 17:48:40.679  INFO 88767 --- [main] c.m.d.DroneDeliveryApplication           : No active profile set, falling back to 1 default profile: "default"
2023-04-25 17:48:41.326  INFO 88767 --- [main] .s.d.r.c.RepositoryConfigurationDelegate : Bootstrapping Spring Data JPA repositories in DEFAULT mode.
2023-04-25 17:48:41.367  INFO 88767 --- [main] .s.d.r.c.RepositoryConfigurationDelegate : Finished Spring Data repository scanning in 34 ms. Found 2 JPA repository interfaces.
2023-04-25 17:48:41.805  INFO 88767 --- [main] o.s.b.w.embedded.tomcat.TomcatWebServer  : Tomcat initialized with port(s): 8088 (http)
2023-04-25 17:48:41.814  INFO 88767 --- [main] o.apache.catalina.core.StandardService   : Starting service [Tomcat]
2023-04-25 17:48:41.814  INFO 88767 --- [main] org.apache.catalina.core.StandardEngine  : Starting Servlet engine: [Apache Tomcat/9.0.74]
2023-04-25 17:48:41.914  INFO 88767 --- [main] o.a.c.c.C.[Tomcat].[localhost].[/]       : Initializing Spring embedded WebApplicationContext
2023-04-25 17:48:41.915  INFO 88767 --- [main] w.s.c.ServletWebServerApplicationContext : Root WebApplicationContext: initialization completed in 1183 ms
2023-04-25 17:48:42.043  INFO 88767 --- [main] o.hibernate.jpa.internal.util.LogHelper  : HHH000204: Processing PersistenceUnitInfo [name: default]
2023-04-25 17:48:42.076  INFO 88767 --- [main] org.hibernate.Version                    : HHH000412: Hibernate ORM core version 5.6.15.Final
2023-04-25 17:48:42.180  INFO 88767 --- [main] o.hibernate.annotations.common.Version   : HCANN000001: Hibernate Commons Annotations {5.1.2.Final}
2023-04-25 17:48:42.267  INFO 88767 --- [main] com.zaxxer.hikari.HikariDataSource       : HikariPool-1 - Starting...
2023-04-25 17:48:42.541  INFO 88767 --- [main] com.zaxxer.hikari.HikariDataSource       : HikariPool-1 - Start completed.
2023-04-25 17:48:42.571  INFO 88767 --- [main] org.hibernate.dialect.Dialect            : HHH000400: Using dialect: org.hibernate.dialect.MySQL8Dialect
2023-04-25 17:48:43.142  INFO 88767 --- [main] o.h.e.t.j.p.i.JtaPlatformInitiator       : HHH000490: Using JtaPlatform implementation: [org.hibernate.engine.transaction.jta.platform.internal.NoJtaPlatform]
2023-04-25 17:48:43.148  INFO 88767 --- [main] j.LocalContainerEntityManagerFactoryBean : Initialized JPA EntityManagerFactory for persistence unit 'default'
2023-04-25 17:48:43.531  WARN 88767 --- [main] ConfigServletWebServerApplicationContext : Exception encountered during context initialization - cancelling refresh attempt: org.springframework.beans.factory.UnsatisfiedDependencyException: Error creating bean with name 'droneController' defined in file [/home/warren/Documents/drone_delivery_musalasoft/target/classes/com/musalasoft/drone_delivery/api/DroneController.class]: Unsatisfied dependency expressed through constructor parameter 0; nested exception is org.springframework.beans.factory.UnsatisfiedDependencyException: Error creating bean with name 'droneServiceImpl' defined in file [/home/warren/Documents/drone_delivery_musalasoft/target/classes/com/musalasoft/drone_delivery/services/DroneServiceImpl.class]: Unsatisfied dependency expressed through constructor parameter 2; nested exception is org.springframework.beans.factory.UnsatisfiedDependencyException: Error creating bean with name 'exceptionMessageCreator' defined in file [/home/warren/Documents/drone_delivery_musalasoft/target/classes/com/musalasoft/drone_delivery/exception/ExceptionMessageCreator.class]: Unsatisfied dependency expressed through constructor parameter 1; nested exception is org.springframework.beans.factory.NoSuchBeanDefinitionException: No qualifying bean of type 'java.util.Locale' available: expected at least 1 bean which qualifies as autowire candidate. Dependency annotations: {}
2023-04-25 17:48:43.531  INFO 88767 --- [main] j.LocalContainerEntityManagerFactoryBean : Closing JPA EntityManagerFactory for persistence unit 'default'
2023-04-25 17:48:43.533  INFO 88767 --- [main] com.zaxxer.hikari.HikariDataSource       : HikariPool-1 - Shutdown initiated...
2023-04-25 17:48:43.540  INFO 88767 --- [main] com.zaxxer.hikari.HikariDataSource       : HikariPool-1 - Shutdown completed.
2023-04-25 17:48:43.542  INFO 88767 --- [main] o.apache.catalina.core.StandardService   : Stopping service [Tomcat]
2023-04-25 17:48:43.553  INFO 88767 --- [main] ConditionEvaluationReportLoggingListener : 

Error starting ApplicationContext. To display the conditions report re-run your application with 'debug' enabled.
2023-04-25 17:48:43.572 ERROR 88767 --- [main] o.s.b.d.LoggingFailureAnalysisReporter   : 

***************************
APPLICATION FAILED TO START
***************************

Description:

Parameter 1 of constructor in com.musalasoft.drone_delivery.exception.ExceptionMessageCreator required a bean of type 'java.util.Locale' that could not be found.


Action:

Consider defining a bean of type 'java.util.Locale' in your configuration.

2023-04-25 18:03:24.816  INFO 90388 --- [main] c.m.d.DroneDeliveryApplication           : Starting DroneDeliveryApplication using Java 16.0.2 on pavilion with PID 90388 (/home/warren/Documents/drone_delivery_musalasoft/target/classes started by warren in /home/warren/Documents/drone_delivery_musalasoft)
2023-04-25 18:03:24.819  INFO 90388 --- [main] c.m.d.DroneDeliveryApplication           : No active profile set, falling back to 1 default profile: "default"
2023-04-25 18:03:25.558  INFO 90388 --- [main] .s.d.r.c.RepositoryConfigurationDelegate : Bootstrapping Spring Data JPA repositories in DEFAULT mode.
2023-04-25 18:03:25.606  INFO 90388 --- [main] .s.d.r.c.RepositoryConfigurationDelegate : Finished Spring Data repository scanning in 38 ms. Found 2 JPA repository interfaces.
2023-04-25 18:03:26.056  INFO 90388 --- [main] o.s.b.w.embedded.tomcat.TomcatWebServer  : Tomcat initialized with port(s): 8088 (http)
2023-04-25 18:03:26.065  INFO 90388 --- [main] o.apache.catalina.core.StandardService   : Starting service [Tomcat]
2023-04-25 18:03:26.065  INFO 90388 --- [main] org.apache.catalina.core.StandardEngine  : Starting Servlet engine: [Apache Tomcat/9.0.74]
2023-04-25 18:03:26.148  INFO 90388 --- [main] o.a.c.c.C.[Tomcat].[localhost].[/]       : Initializing Spring embedded WebApplicationContext
2023-04-25 18:03:26.149  INFO 90388 --- [main] w.s.c.ServletWebServerApplicationContext : Root WebApplicationContext: initialization completed in 1275 ms
2023-04-25 18:03:26.271  INFO 90388 --- [main] o.hibernate.jpa.internal.util.LogHelper  : HHH000204: Processing PersistenceUnitInfo [name: default]
2023-04-25 18:03:26.300  INFO 90388 --- [main] org.hibernate.Version                    : HHH000412: Hibernate ORM core version 5.6.15.Final
2023-04-25 18:03:26.393  INFO 90388 --- [main] o.hibernate.annotations.common.Version   : HCANN000001: Hibernate Commons Annotations {5.1.2.Final}
2023-04-25 18:03:26.463  INFO 90388 --- [main] com.zaxxer.hikari.HikariDataSource       : HikariPool-1 - Starting...
2023-04-25 18:03:26.721  INFO 90388 --- [main] com.zaxxer.hikari.HikariDataSource       : HikariPool-1 - Start completed.
2023-04-25 18:03:26.740  INFO 90388 --- [main] org.hibernate.dialect.Dialect            : HHH000400: Using dialect: org.hibernate.dialect.MySQL8Dialect
2023-04-25 18:03:27.199  INFO 90388 --- [main] o.h.e.t.j.p.i.JtaPlatformInitiator       : HHH000490: Using JtaPlatform implementation: [org.hibernate.engine.transaction.jta.platform.internal.NoJtaPlatform]
2023-04-25 18:03:27.205  INFO 90388 --- [main] j.LocalContainerEntityManagerFactoryBean : Initialized JPA EntityManagerFactory for persistence unit 'default'
2023-04-25 18:03:27.511  WARN 90388 --- [main] ConfigServletWebServerApplicationContext : Exception encountered during context initialization - cancelling refresh attempt: org.springframework.beans.factory.UnsatisfiedDependencyException: Error creating bean with name 'droneController' defined in file [/home/warren/Documents/drone_delivery_musalasoft/target/classes/com/musalasoft/drone_delivery/api/DroneController.class]: Unsatisfied dependency expressed through constructor parameter 0; nested exception is org.springframework.beans.factory.UnsatisfiedDependencyException: Error creating bean with name 'droneServiceImpl' defined in file [/home/warren/Documents/drone_delivery_musalasoft/target/classes/com/musalasoft/drone_delivery/services/DroneServiceImpl.class]: Unsatisfied dependency expressed through constructor parameter 2; nested exception is org.springframework.beans.factory.UnsatisfiedDependencyException: Error creating bean with name 'exceptionMessageCreator' defined in file [/home/warren/Documents/drone_delivery_musalasoft/target/classes/com/musalasoft/drone_delivery/services/ExceptionMessageCreator.class]: Unsatisfied dependency expressed through constructor parameter 1; nested exception is org.springframework.beans.factory.NoSuchBeanDefinitionException: No qualifying bean of type 'java.util.Locale' available: expected at least 1 bean which qualifies as autowire candidate. Dependency annotations: {}
2023-04-25 18:03:27.512  INFO 90388 --- [main] j.LocalContainerEntityManagerFactoryBean : Closing JPA EntityManagerFactory for persistence unit 'default'
2023-04-25 18:03:27.513  INFO 90388 --- [main] com.zaxxer.hikari.HikariDataSource       : HikariPool-1 - Shutdown initiated...
2023-04-25 18:03:27.522  INFO 90388 --- [main] com.zaxxer.hikari.HikariDataSource       : HikariPool-1 - Shutdown completed.
2023-04-25 18:03:27.523  INFO 90388 --- [main] o.apache.catalina.core.StandardService   : Stopping service [Tomcat]
2023-04-25 18:03:27.531  INFO 90388 --- [main] ConditionEvaluationReportLoggingListener : 

Error starting ApplicationContext. To display the conditions report re-run your application with 'debug' enabled.
2023-04-25 18:03:27.545 ERROR 90388 --- [main] o.s.b.d.LoggingFailureAnalysisReporter   : 

***************************
APPLICATION FAILED TO START
***************************

Description:

Parameter 1 of constructor in com.musalasoft.drone_delivery.services.ExceptionMessageCreator required a bean of type 'java.util.Locale' that could not be found.


Action:

Consider defining a bean of type 'java.util.Locale' in your configuration.

2023-04-25 18:04:37.162  INFO 90575 --- [main] c.m.d.DroneDeliveryApplication           : Starting DroneDeliveryApplication using Java 16.0.2 on pavilion with PID 90575 (/home/warren/Documents/drone_delivery_musalasoft/target/classes started by warren in /home/warren/Documents/drone_delivery_musalasoft)
2023-04-25 18:04:37.165  INFO 90575 --- [main] c.m.d.DroneDeliveryApplication           : No active profile set, falling back to 1 default profile: "default"
2023-04-25 18:04:37.880  INFO 90575 --- [main] .s.d.r.c.RepositoryConfigurationDelegate : Bootstrapping Spring Data JPA repositories in DEFAULT mode.
2023-04-25 18:04:37.933  INFO 90575 --- [main] .s.d.r.c.RepositoryConfigurationDelegate : Finished Spring Data repository scanning in 43 ms. Found 2 JPA repository interfaces.
2023-04-25 18:04:38.375  INFO 90575 --- [main] o.s.b.w.embedded.tomcat.TomcatWebServer  : Tomcat initialized with port(s): 8088 (http)
2023-04-25 18:04:38.383  INFO 90575 --- [main] o.apache.catalina.core.StandardService   : Starting service [Tomcat]
2023-04-25 18:04:38.383  INFO 90575 --- [main] org.apache.catalina.core.StandardEngine  : Starting Servlet engine: [Apache Tomcat/9.0.74]
2023-04-25 18:04:38.514  INFO 90575 --- [main] o.a.c.c.C.[Tomcat].[localhost].[/]       : Initializing Spring embedded WebApplicationContext
2023-04-25 18:04:38.514  INFO 90575 --- [main] w.s.c.ServletWebServerApplicationContext : Root WebApplicationContext: initialization completed in 1297 ms
2023-04-25 18:04:38.735  INFO 90575 --- [main] o.hibernate.jpa.internal.util.LogHelper  : HHH000204: Processing PersistenceUnitInfo [name: default]
2023-04-25 18:04:38.785  INFO 90575 --- [main] org.hibernate.Version                    : HHH000412: Hibernate ORM core version 5.6.15.Final
2023-04-25 18:04:38.933  INFO 90575 --- [main] o.hibernate.annotations.common.Version   : HCANN000001: Hibernate Commons Annotations {5.1.2.Final}
2023-04-25 18:04:39.005  INFO 90575 --- [main] com.zaxxer.hikari.HikariDataSource       : HikariPool-1 - Starting...
2023-04-25 18:04:39.286  INFO 90575 --- [main] com.zaxxer.hikari.HikariDataSource       : HikariPool-1 - Start completed.
2023-04-25 18:04:39.313  INFO 90575 --- [main] org.hibernate.dialect.Dialect            : HHH000400: Using dialect: org.hibernate.dialect.MySQL8Dialect
2023-04-25 18:04:39.850  INFO 90575 --- [main] o.h.e.t.j.p.i.JtaPlatformInitiator       : HHH000490: Using JtaPlatform implementation: [org.hibernate.engine.transaction.jta.platform.internal.NoJtaPlatform]
2023-04-25 18:04:40.168  INFO 90575 --- [main] j.LocalContainerEntityManagerFactoryBean : Initialized JPA EntityManagerFactory for persistence unit 'default'
2023-04-25 18:04:40.546  WARN 90575 --- [main] ConfigServletWebServerApplicationContext : Exception encountered during context initialization - cancelling refresh attempt: org.springframework.beans.factory.UnsatisfiedDependencyException: Error creating bean with name 'droneController' defined in file [/home/warren/Documents/drone_delivery_musalasoft/target/classes/com/musalasoft/drone_delivery/api/DroneController.class]: Unsatisfied dependency expressed through constructor parameter 0; nested exception is org.springframework.beans.factory.UnsatisfiedDependencyException: Error creating bean with name 'droneServiceImpl' defined in file [/home/warren/Documents/drone_delivery_musalasoft/target/classes/com/musalasoft/drone_delivery/services/DroneServiceImpl.class]: Unsatisfied dependency expressed through constructor parameter 2; nested exception is org.springframework.beans.factory.UnsatisfiedDependencyException: Error creating bean with name 'exceptionMessageCreator' defined in file [/home/warren/Documents/drone_delivery_musalasoft/target/classes/com/musalasoft/drone_delivery/services/ExceptionMessageCreator.class]: Unsatisfied dependency expressed through constructor parameter 1; nested exception is org.springframework.beans.factory.NoSuchBeanDefinitionException: No qualifying bean of type 'java.util.Locale' available: expected at least 1 bean which qualifies as autowire candidate. Dependency annotations: {}
2023-04-25 18:04:40.547  INFO 90575 --- [main] j.LocalContainerEntityManagerFactoryBean : Closing JPA EntityManagerFactory for persistence unit 'default'
2023-04-25 18:04:40.548  INFO 90575 --- [main] com.zaxxer.hikari.HikariDataSource       : HikariPool-1 - Shutdown initiated...
2023-04-25 18:04:40.554  INFO 90575 --- [main] com.zaxxer.hikari.HikariDataSource       : HikariPool-1 - Shutdown completed.
2023-04-25 18:04:40.556  INFO 90575 --- [main] o.apache.catalina.core.StandardService   : Stopping service [Tomcat]
2023-04-25 18:04:40.563  INFO 90575 --- [main] ConditionEvaluationReportLoggingListener : 

Error starting ApplicationContext. To display the conditions report re-run your application with 'debug' enabled.
2023-04-25 18:04:40.577 ERROR 90575 --- [main] o.s.b.d.LoggingFailureAnalysisReporter   : 

***************************
APPLICATION FAILED TO START
***************************

Description:

Parameter 1 of constructor in com.musalasoft.drone_delivery.services.ExceptionMessageCreator required a bean of type 'java.util.Locale' that could not be found.


Action:

Consider defining a bean of type 'java.util.Locale' in your configuration.

2023-04-25 18:05:27.327  INFO 90804 --- [main] c.m.d.DroneDeliveryApplication           : Starting DroneDeliveryApplication using Java 16.0.2 on pavilion with PID 90804 (/home/warren/Documents/drone_delivery_musalasoft/target/classes started by warren in /home/warren/Documents/drone_delivery_musalasoft)
2023-04-25 18:05:27.330  INFO 90804 --- [main] c.m.d.DroneDeliveryApplication           : No active profile set, falling back to 1 default profile: "default"
2023-04-25 18:05:27.903  INFO 90804 --- [main] .s.d.r.c.RepositoryConfigurationDelegate : Bootstrapping Spring Data JPA repositories in DEFAULT mode.
2023-04-25 18:05:27.948  INFO 90804 --- [main] .s.d.r.c.RepositoryConfigurationDelegate : Finished Spring Data repository scanning in 36 ms. Found 2 JPA repository interfaces.
2023-04-25 18:05:28.335  INFO 90804 --- [main] o.s.b.w.embedded.tomcat.TomcatWebServer  : Tomcat initialized with port(s): 8088 (http)
2023-04-25 18:05:28.342  INFO 90804 --- [main] o.apache.catalina.core.StandardService   : Starting service [Tomcat]
2023-04-25 18:05:28.342  INFO 90804 --- [main] org.apache.catalina.core.StandardEngine  : Starting Servlet engine: [Apache Tomcat/9.0.74]
2023-04-25 18:05:28.438  INFO 90804 --- [main] o.a.c.c.C.[Tomcat].[localhost].[/]       : Initializing Spring embedded WebApplicationContext
2023-04-25 18:05:28.439  INFO 90804 --- [main] w.s.c.ServletWebServerApplicationContext : Root WebApplicationContext: initialization completed in 1038 ms
2023-04-25 18:05:28.547  INFO 90804 --- [main] o.hibernate.jpa.internal.util.LogHelper  : HHH000204: Processing PersistenceUnitInfo [name: default]
2023-04-25 18:05:28.576  INFO 90804 --- [main] org.hibernate.Version                    : HHH000412: Hibernate ORM core version 5.6.15.Final
2023-04-25 18:05:28.674  INFO 90804 --- [main] o.hibernate.annotations.common.Version   : HCANN000001: Hibernate Commons Annotations {5.1.2.Final}
2023-04-25 18:05:28.746  INFO 90804 --- [main] com.zaxxer.hikari.HikariDataSource       : HikariPool-1 - Starting...
2023-04-25 18:05:28.994  INFO 90804 --- [main] com.zaxxer.hikari.HikariDataSource       : HikariPool-1 - Start completed.
2023-04-25 18:05:29.012  INFO 90804 --- [main] org.hibernate.dialect.Dialect            : HHH000400: Using dialect: org.hibernate.dialect.MySQL8Dialect
2023-04-25 18:05:29.464  INFO 90804 --- [main] o.h.e.t.j.p.i.JtaPlatformInitiator       : HHH000490: Using JtaPlatform implementation: [org.hibernate.engine.transaction.jta.platform.internal.NoJtaPlatform]
2023-04-25 18:05:29.469  INFO 90804 --- [main] j.LocalContainerEntityManagerFactoryBean : Initialized JPA EntityManagerFactory for persistence unit 'default'
2023-04-25 18:05:29.766  WARN 90804 --- [main] ConfigServletWebServerApplicationContext : Exception encountered during context initialization - cancelling refresh attempt: org.springframework.beans.factory.UnsatisfiedDependencyException: Error creating bean with name 'droneController' defined in file [/home/warren/Documents/drone_delivery_musalasoft/target/classes/com/musalasoft/drone_delivery/api/DroneController.class]: Unsatisfied dependency expressed through constructor parameter 0; nested exception is org.springframework.beans.factory.UnsatisfiedDependencyException: Error creating bean with name 'droneServiceImpl' defined in file [/home/warren/Documents/drone_delivery_musalasoft/target/classes/com/musalasoft/drone_delivery/services/DroneServiceImpl.class]: Unsatisfied dependency expressed through constructor parameter 2; nested exception is org.springframework.beans.factory.UnsatisfiedDependencyException: Error creating bean with name 'exceptionMessageCreator' defined in file [/home/warren/Documents/drone_delivery_musalasoft/target/classes/com/musalasoft/drone_delivery/exception/ExceptionMessageCreator.class]: Unsatisfied dependency expressed through constructor parameter 1; nested exception is org.springframework.beans.factory.NoSuchBeanDefinitionException: No qualifying bean of type 'java.util.Locale' available: expected at least 1 bean which qualifies as autowire candidate. Dependency annotations: {}
2023-04-25 18:05:29.767  INFO 90804 --- [main] j.LocalContainerEntityManagerFactoryBean : Closing JPA EntityManagerFactory for persistence unit 'default'
2023-04-25 18:05:29.769  INFO 90804 --- [main] com.zaxxer.hikari.HikariDataSource       : HikariPool-1 - Shutdown initiated...
2023-04-25 18:05:29.775  INFO 90804 --- [main] com.zaxxer.hikari.HikariDataSource       : HikariPool-1 - Shutdown completed.
2023-04-25 18:05:29.776  INFO 90804 --- [main] o.apache.catalina.core.StandardService   : Stopping service [Tomcat]
2023-04-25 18:05:29.783  INFO 90804 --- [main] ConditionEvaluationReportLoggingListener : 

Error starting ApplicationContext. To display the conditions report re-run your application with 'debug' enabled.
2023-04-25 18:05:29.802 ERROR 90804 --- [main] o.s.b.d.LoggingFailureAnalysisReporter   : 

***************************
APPLICATION FAILED TO START
***************************

Description:

Parameter 1 of constructor in com.musalasoft.drone_delivery.exception.ExceptionMessageCreator required a bean of type 'java.util.Locale' that could not be found.


Action:

Consider defining a bean of type 'java.util.Locale' in your configuration.

2023-04-25 18:12:57.746  INFO 91737 --- [main] c.m.d.DroneDeliveryApplication           : Starting DroneDeliveryApplication using Java 16.0.2 on pavilion with PID 91737 (/home/warren/Documents/drone_delivery_musalasoft/target/classes started by warren in /home/warren/Documents/drone_delivery_musalasoft)
2023-04-25 18:12:57.748  INFO 91737 --- [main] c.m.d.DroneDeliveryApplication           : No active profile set, falling back to 1 default profile: "default"
2023-04-25 18:12:58.414  INFO 91737 --- [main] .s.d.r.c.RepositoryConfigurationDelegate : Bootstrapping Spring Data JPA repositories in DEFAULT mode.
2023-04-25 18:12:58.458  INFO 91737 --- [main] .s.d.r.c.RepositoryConfigurationDelegate : Finished Spring Data repository scanning in 37 ms. Found 2 JPA repository interfaces.
2023-04-25 18:12:58.933  INFO 91737 --- [main] o.s.b.w.embedded.tomcat.TomcatWebServer  : Tomcat initialized with port(s): 8088 (http)
2023-04-25 18:12:58.940  INFO 91737 --- [main] o.apache.catalina.core.StandardService   : Starting service [Tomcat]
2023-04-25 18:12:58.941  INFO 91737 --- [main] org.apache.catalina.core.StandardEngine  : Starting Servlet engine: [Apache Tomcat/9.0.74]
2023-04-25 18:12:59.046  INFO 91737 --- [main] o.a.c.c.C.[Tomcat].[localhost].[/]       : Initializing Spring embedded WebApplicationContext
2023-04-25 18:12:59.047  INFO 91737 --- [main] w.s.c.ServletWebServerApplicationContext : Root WebApplicationContext: initialization completed in 1243 ms
2023-04-25 18:12:59.201  INFO 91737 --- [main] o.hibernate.jpa.internal.util.LogHelper  : HHH000204: Processing PersistenceUnitInfo [name: default]
2023-04-25 18:12:59.241  INFO 91737 --- [main] org.hibernate.Version                    : HHH000412: Hibernate ORM core version 5.6.15.Final
2023-04-25 18:12:59.347  INFO 91737 --- [main] o.hibernate.annotations.common.Version   : HCANN000001: Hibernate Commons Annotations {5.1.2.Final}
2023-04-25 18:12:59.419  INFO 91737 --- [main] com.zaxxer.hikari.HikariDataSource       : HikariPool-1 - Starting...
2023-04-25 18:12:59.714  INFO 91737 --- [main] com.zaxxer.hikari.HikariDataSource       : HikariPool-1 - Start completed.
2023-04-25 18:12:59.740  INFO 91737 --- [main] org.hibernate.dialect.Dialect            : HHH000400: Using dialect: org.hibernate.dialect.MySQL8Dialect
2023-04-25 18:13:00.283  INFO 91737 --- [main] o.h.e.t.j.p.i.JtaPlatformInitiator       : HHH000490: Using JtaPlatform implementation: [org.hibernate.engine.transaction.jta.platform.internal.NoJtaPlatform]
2023-04-25 18:13:00.288  INFO 91737 --- [main] j.LocalContainerEntityManagerFactoryBean : Initialized JPA EntityManagerFactory for persistence unit 'default'
2023-04-25 18:13:00.621  WARN 91737 --- [main] ConfigServletWebServerApplicationContext : Exception encountered during context initialization - cancelling refresh attempt: org.springframework.beans.factory.UnsatisfiedDependencyException: Error creating bean with name 'droneController' defined in file [/home/warren/Documents/drone_delivery_musalasoft/target/classes/com/musalasoft/drone_delivery/api/DroneController.class]: Unsatisfied dependency expressed through constructor parameter 0; nested exception is org.springframework.beans.factory.UnsatisfiedDependencyException: Error creating bean with name 'droneServiceImpl' defined in file [/home/warren/Documents/drone_delivery_musalasoft/target/classes/com/musalasoft/drone_delivery/services/DroneServiceImpl.class]: Unsatisfied dependency expressed through constructor parameter 2; nested exception is org.springframework.beans.factory.UnsatisfiedDependencyException: Error creating bean with name 'exceptionMessageCreator' defined in file [/home/warren/Documents/drone_delivery_musalasoft/target/classes/com/musalasoft/drone_delivery/exception/ExceptionMessageCreator.class]: Unsatisfied dependency expressed through constructor parameter 1; nested exception is org.springframework.beans.factory.NoSuchBeanDefinitionException: No qualifying bean of type 'java.util.Locale' available: expected at least 1 bean which qualifies as autowire candidate. Dependency annotations: {}
2023-04-25 18:13:00.622  INFO 91737 --- [main] j.LocalContainerEntityManagerFactoryBean : Closing JPA EntityManagerFactory for persistence unit 'default'
2023-04-25 18:13:00.624  INFO 91737 --- [main] com.zaxxer.hikari.HikariDataSource       : HikariPool-1 - Shutdown initiated...
2023-04-25 18:13:00.629  INFO 91737 --- [main] com.zaxxer.hikari.HikariDataSource       : HikariPool-1 - Shutdown completed.
2023-04-25 18:13:00.631  INFO 91737 --- [main] o.apache.catalina.core.StandardService   : Stopping service [Tomcat]
2023-04-25 18:13:00.639  INFO 91737 --- [main] ConditionEvaluationReportLoggingListener : 

Error starting ApplicationContext. To display the conditions report re-run your application with 'debug' enabled.
2023-04-25 18:13:00.654 ERROR 91737 --- [main] o.s.b.d.LoggingFailureAnalysisReporter   : 

***************************
APPLICATION FAILED TO START
***************************

Description:

Parameter 1 of constructor in com.musalasoft.drone_delivery.exception.ExceptionMessageCreator required a bean of type 'java.util.Locale' that could not be found.


Action:

Consider defining a bean of type 'java.util.Locale' in your configuration.

2023-04-25 18:17:37.041  INFO 92315 --- [main] c.m.d.DroneDeliveryApplication           : Starting DroneDeliveryApplication using Java 16.0.2 on pavilion with PID 92315 (/home/warren/Documents/drone_delivery_musalasoft/target/classes started by warren in /home/warren/Documents/drone_delivery_musalasoft)
2023-04-25 18:17:37.043  INFO 92315 --- [main] c.m.d.DroneDeliveryApplication           : No active profile set, falling back to 1 default profile: "default"
2023-04-25 18:17:37.703  INFO 92315 --- [main] .s.d.r.c.RepositoryConfigurationDelegate : Bootstrapping Spring Data JPA repositories in DEFAULT mode.
2023-04-25 18:17:37.778  INFO 92315 --- [main] .s.d.r.c.RepositoryConfigurationDelegate : Finished Spring Data repository scanning in 66 ms. Found 2 JPA repository interfaces.
2023-04-25 18:17:38.251  INFO 92315 --- [main] o.s.b.w.embedded.tomcat.TomcatWebServer  : Tomcat initialized with port(s): 8088 (http)
2023-04-25 18:17:38.260  INFO 92315 --- [main] o.apache.catalina.core.StandardService   : Starting service [Tomcat]
2023-04-25 18:17:38.260  INFO 92315 --- [main] org.apache.catalina.core.StandardEngine  : Starting Servlet engine: [Apache Tomcat/9.0.74]
2023-04-25 18:17:38.354  INFO 92315 --- [main] o.a.c.c.C.[Tomcat].[localhost].[/]       : Initializing Spring embedded WebApplicationContext
2023-04-25 18:17:38.354  INFO 92315 --- [main] w.s.c.ServletWebServerApplicationContext : Root WebApplicationContext: initialization completed in 1259 ms
2023-04-25 18:17:38.609  INFO 92315 --- [main] o.hibernate.jpa.internal.util.LogHelper  : HHH000204: Processing PersistenceUnitInfo [name: default]
2023-04-25 18:17:38.660  INFO 92315 --- [main] org.hibernate.Version                    : HHH000412: Hibernate ORM core version 5.6.15.Final
2023-04-25 18:17:38.853  INFO 92315 --- [main] o.hibernate.annotations.common.Version   : HCANN000001: Hibernate Commons Annotations {5.1.2.Final}
2023-04-25 18:17:38.968  INFO 92315 --- [main] com.zaxxer.hikari.HikariDataSource       : HikariPool-1 - Starting...
2023-04-25 18:17:39.219  INFO 92315 --- [main] com.zaxxer.hikari.HikariDataSource       : HikariPool-1 - Start completed.
2023-04-25 18:17:39.240  INFO 92315 --- [main] org.hibernate.dialect.Dialect            : HHH000400: Using dialect: org.hibernate.dialect.MySQL8Dialect
2023-04-25 18:17:39.739  INFO 92315 --- [main] o.h.e.t.j.p.i.JtaPlatformInitiator       : HHH000490: Using JtaPlatform implementation: [org.hibernate.engine.transaction.jta.platform.internal.NoJtaPlatform]
2023-04-25 18:17:39.746  INFO 92315 --- [main] j.LocalContainerEntityManagerFactoryBean : Initialized JPA EntityManagerFactory for persistence unit 'default'
2023-04-25 18:17:39.795  WARN 92315 --- [main] JpaBaseConfiguration$JpaWebConfiguration : spring.jpa.open-in-view is enabled by default. Therefore, database queries may be performed during view rendering. Explicitly configure spring.jpa.open-in-view to disable this warning
2023-04-25 18:17:42.897  INFO 92315 --- [main] o.s.b.w.embedded.tomcat.TomcatWebServer  : Tomcat started on port(s): 8088 (http) with context path ''
2023-04-25 18:17:42.905  INFO 92315 --- [main] c.m.d.DroneDeliveryApplication           : Started DroneDeliveryApplication in 6.315 seconds (JVM running for 6.675)
2023-04-25 18:30:21.674  INFO 92315 --- [SpringApplicationShutdownHook] j.LocalContainerEntityManagerFactoryBean : Closing JPA EntityManagerFactory for persistence unit 'default'
2023-04-25 18:30:21.675  INFO 92315 --- [SpringApplicationShutdownHook] com.zaxxer.hikari.HikariDataSource       : HikariPool-1 - Shutdown initiated...
2023-04-25 18:30:21.973  INFO 92315 --- [SpringApplicationShutdownHook] com.zaxxer.hikari.HikariDataSource       : HikariPool-1 - Shutdown completed.
2023-04-25 18:30:52.468  INFO 93911 --- [main] c.m.d.DroneDeliveryApplication           : Starting DroneDeliveryApplication using Java 16.0.2 on pavilion with PID 93911 (/home/warren/Documents/drone_delivery_musalasoft/target/classes started by warren in /home/warren/Documents/drone_delivery_musalasoft)
2023-04-25 18:30:52.471  INFO 93911 --- [main] c.m.d.DroneDeliveryApplication           : No active profile set, falling back to 1 default profile: "default"
2023-04-25 18:30:53.110  INFO 93911 --- [main] .s.d.r.c.RepositoryConfigurationDelegate : Bootstrapping Spring Data JPA repositories in DEFAULT mode.
2023-04-25 18:30:53.184  INFO 93911 --- [main] .s.d.r.c.RepositoryConfigurationDelegate : Finished Spring Data repository scanning in 66 ms. Found 2 JPA repository interfaces.
2023-04-25 18:30:53.652  INFO 93911 --- [main] o.s.b.w.embedded.tomcat.TomcatWebServer  : Tomcat initialized with port(s): 8088 (http)
2023-04-25 18:30:53.663  INFO 93911 --- [main] o.apache.catalina.core.StandardService   : Starting service [Tomcat]
2023-04-25 18:30:53.664  INFO 93911 --- [main] org.apache.catalina.core.StandardEngine  : Starting Servlet engine: [Apache Tomcat/9.0.74]
2023-04-25 18:30:53.755  INFO 93911 --- [main] o.a.c.c.C.[Tomcat].[localhost].[/]       : Initializing Spring embedded WebApplicationContext
2023-04-25 18:30:53.755  INFO 93911 --- [main] w.s.c.ServletWebServerApplicationContext : Root WebApplicationContext: initialization completed in 1227 ms
2023-04-25 18:30:53.866  INFO 93911 --- [main] o.hibernate.jpa.internal.util.LogHelper  : HHH000204: Processing PersistenceUnitInfo [name: default]
2023-04-25 18:30:53.896  INFO 93911 --- [main] org.hibernate.Version                    : HHH000412: Hibernate ORM core version 5.6.15.Final
2023-04-25 18:30:53.995  INFO 93911 --- [main] o.hibernate.annotations.common.Version   : HCANN000001: Hibernate Commons Annotations {5.1.2.Final}
2023-04-25 18:30:54.066  INFO 93911 --- [main] com.zaxxer.hikari.HikariDataSource       : HikariPool-1 - Starting...
2023-04-25 18:30:54.321  INFO 93911 --- [main] com.zaxxer.hikari.HikariDataSource       : HikariPool-1 - Start completed.
2023-04-25 18:30:54.340  INFO 93911 --- [main] org.hibernate.dialect.Dialect            : HHH000400: Using dialect: org.hibernate.dialect.MySQL8Dialect
2023-04-25 18:30:54.868  INFO 93911 --- [main] o.h.e.t.j.p.i.JtaPlatformInitiator       : HHH000490: Using JtaPlatform implementation: [org.hibernate.engine.transaction.jta.platform.internal.NoJtaPlatform]
2023-04-25 18:30:54.876  INFO 93911 --- [main] j.LocalContainerEntityManagerFactoryBean : Initialized JPA EntityManagerFactory for persistence unit 'default'
2023-04-25 18:30:54.926  WARN 93911 --- [main] JpaBaseConfiguration$JpaWebConfiguration : spring.jpa.open-in-view is enabled by default. Therefore, database queries may be performed during view rendering. Explicitly configure spring.jpa.open-in-view to disable this warning
2023-04-25 18:30:55.478  INFO 93911 --- [main] o.s.b.w.embedded.tomcat.TomcatWebServer  : Tomcat started on port(s): 8088 (http) with context path ''
2023-04-25 18:30:55.484  INFO 93911 --- [main] c.m.d.DroneDeliveryApplication           : Started DroneDeliveryApplication in 3.464 seconds (JVM running for 3.833)
2023-04-25 18:34:02.655  INFO 93911 --- [SpringApplicationShutdownHook] j.LocalContainerEntityManagerFactoryBean : Closing JPA EntityManagerFactory for persistence unit 'default'
2023-04-25 18:34:02.657  INFO 93911 --- [SpringApplicationShutdownHook] com.zaxxer.hikari.HikariDataSource       : HikariPool-1 - Shutdown initiated...
2023-04-25 18:34:02.663  INFO 93911 --- [SpringApplicationShutdownHook] com.zaxxer.hikari.HikariDataSource       : HikariPool-1 - Shutdown completed.
2023-04-25 18:34:08.764  INFO 94914 --- [main] c.m.d.DroneDeliveryApplication           : Starting DroneDeliveryApplication using Java 16.0.2 on pavilion with PID 94914 (/home/warren/Documents/drone_delivery_musalasoft/target/classes started by warren in /home/warren/Documents/drone_delivery_musalasoft)
2023-04-25 18:34:08.767  INFO 94914 --- [main] c.m.d.DroneDeliveryApplication           : No active profile set, falling back to 1 default profile: "default"
2023-04-25 18:34:09.362  INFO 94914 --- [main] .s.d.r.c.RepositoryConfigurationDelegate : Bootstrapping Spring Data JPA repositories in DEFAULT mode.
2023-04-25 18:34:09.437  INFO 94914 --- [main] .s.d.r.c.RepositoryConfigurationDelegate : Finished Spring Data repository scanning in 66 ms. Found 2 JPA repository interfaces.
2023-04-25 18:34:09.904  INFO 94914 --- [main] o.s.b.w.embedded.tomcat.TomcatWebServer  : Tomcat initialized with port(s): 8088 (http)
2023-04-25 18:34:09.913  INFO 94914 --- [main] o.apache.catalina.core.StandardService   : Starting service [Tomcat]
2023-04-25 18:34:09.914  INFO 94914 --- [main] org.apache.catalina.core.StandardEngine  : Starting Servlet engine: [Apache Tomcat/9.0.74]
2023-04-25 18:34:10.017  INFO 94914 --- [main] o.a.c.c.C.[Tomcat].[localhost].[/]       : Initializing Spring embedded WebApplicationContext
2023-04-25 18:34:10.018  INFO 94914 --- [main] w.s.c.ServletWebServerApplicationContext : Root WebApplicationContext: initialization completed in 1203 ms
2023-04-25 18:34:10.159  INFO 94914 --- [main] o.hibernate.jpa.internal.util.LogHelper  : HHH000204: Processing PersistenceUnitInfo [name: default]
2023-04-25 18:34:10.188  INFO 94914 --- [main] org.hibernate.Version                    : HHH000412: Hibernate ORM core version 5.6.15.Final
2023-04-25 18:34:10.290  INFO 94914 --- [main] o.hibernate.annotations.common.Version   : HCANN000001: Hibernate Commons Annotations {5.1.2.Final}
2023-04-25 18:34:10.380  INFO 94914 --- [main] com.zaxxer.hikari.HikariDataSource       : HikariPool-1 - Starting...
2023-04-25 18:34:10.649  INFO 94914 --- [main] com.zaxxer.hikari.HikariDataSource       : HikariPool-1 - Start completed.
2023-04-25 18:34:10.671  INFO 94914 --- [main] org.hibernate.dialect.Dialect            : HHH000400: Using dialect: org.hibernate.dialect.MySQL8Dialect
2023-04-25 18:34:11.136  INFO 94914 --- [main] o.h.e.t.j.p.i.JtaPlatformInitiator       : HHH000490: Using JtaPlatform implementation: [org.hibernate.engine.transaction.jta.platform.internal.NoJtaPlatform]
2023-04-25 18:34:11.142  INFO 94914 --- [main] j.LocalContainerEntityManagerFactoryBean : Initialized JPA EntityManagerFactory for persistence unit 'default'
2023-04-25 18:34:11.184  WARN 94914 --- [main] JpaBaseConfiguration$JpaWebConfiguration : spring.jpa.open-in-view is enabled by default. Therefore, database queries may be performed during view rendering. Explicitly configure spring.jpa.open-in-view to disable this warning
2023-04-25 18:34:11.782  INFO 94914 --- [main] o.s.b.w.embedded.tomcat.TomcatWebServer  : Tomcat started on port(s): 8088 (http) with context path ''
2023-04-25 18:34:11.790  INFO 94914 --- [main] c.m.d.DroneDeliveryApplication           : Started DroneDeliveryApplication in 3.477 seconds (JVM running for 3.86)
